<?xml version="1.0" encoding="UTF-8"?>
<!-- Generated by org.testng.reporters.JUnitReportReporter -->
<testsuite hostname="DESKTOP-RE3TD97" failures="0" tests="2" name="com.Testcases.MyAccountPageTest" time="47.386" errors="0" timestamp="2019-10-08T14:23:20 EDT" skipped="0">
  <testcase classname="com.Testcases.MyAccountPageTest" name="MyAccountPageTitleTest" time="21.852"/>
  <testcase classname="com.Testcases.MyAccountPageTest" name="signInBtnClickTest" time="25.534"/>
</testsuite> <!-- com.Testcases.MyAccountPageTest -->
