<?xml version="1.0" encoding="UTF-8"?>
<!-- Generated by org.testng.reporters.JUnitReportReporter -->
<testsuite hostname="DESKTOP-RE3TD97" failures="0" tests="2" name="com.Testcases.SignInPageTest" time="39.734" errors="0" timestamp="2019-10-08T14:23:20 EDT" skipped="0">
  <testcase classname="com.Testcases.SignInPageTest" name="signInPageTitleTest" time="17.964"/>
  <testcase classname="com.Testcases.SignInPageTest" name="signInTest" time="21.770"/>
</testsuite> <!-- com.Testcases.SignInPageTest -->
