<?xml version="1.0" encoding="UTF-8"?>
<!-- Generated by org.testng.reporters.JUnitReportReporter -->
<testsuite hostname="DESKTOP-RE3TD97" failures="0" tests="4" name="com.Testcases.SignUpPageTest" time="92.937" errors="0" timestamp="2019-10-08T14:23:20 EDT" skipped="0">
  <testcase classname="com.Testcases.SignUpPageTest" name="signUpPageTitleTest" time="18.920"/>
  <testcase classname="com.Testcases.SignUpPageTest" name="clickCreateAccountTest" time="23.168"/>
  <testcase classname="com.Testcases.SignUpPageTest" name="clickCreateAccountTest" time="24.717"/>
  <testcase classname="com.Testcases.SignUpPageTest" name="clickCreateAccountTest" time="26.132"/>
</testsuite> <!-- com.Testcases.SignUpPageTest -->
