<?xml version="1.0" encoding="UTF-8"?>
<!-- Generated by org.testng.reporters.JUnitReportReporter -->
<testsuite hostname="DESKTOP-RE3TD97" failures="0" tests="2" name="com.Testcases.SignInPageTest" time="35.167" errors="0" timestamp="2019-10-05T11:00:41 EDT" skipped="0">
  <testcase classname="com.Testcases.SignInPageTest" name="signInPageTitleTest" time="17.181"/>
  <testcase classname="com.Testcases.SignInPageTest" name="signInTest" time="17.986"/>
</testsuite> <!-- com.Testcases.SignInPageTest -->
