<?xml version="1.0" encoding="UTF-8"?>
<!-- Generated by org.testng.reporters.JUnitReportReporter -->
<testsuite hostname="DESKTOP-RE3TD97" failures="0" tests="1" name="com.Testcases.HomePageTest" time="59.790" errors="0" timestamp="2019-10-05T11:00:41 EDT" skipped="0">
  <testcase classname="com.Testcases.HomePageTest" name="searchingTest" time="59.790"/>
</testsuite> <!-- com.Testcases.HomePageTest -->
