<?xml version="1.0" encoding="UTF-8"?>
<!-- Generated by org.testng.reporters.JUnitReportReporter -->
<testsuite hostname="DESKTOP-RE3TD97" failures="0" tests="2" name="com.Testcases.SignInPageTest" time="40.038" errors="0" timestamp="2020-04-16T16:38:51 EDT" skipped="0">
  <testcase classname="com.Testcases.SignInPageTest" name="signInPageTitleTest" time="20.862"/>
  <testcase classname="com.Testcases.SignInPageTest" name="signInTest" time="19.176"/>
</testsuite> <!-- com.Testcases.SignInPageTest -->
