<?xml version="1.0" encoding="UTF-8"?>
<!-- Generated by org.testng.reporters.JUnitReportReporter -->
<testsuite hostname="DESKTOP-RE3TD97" failures="0" tests="4" name="com.Testcases.SignUpPageTest" time="89.895" errors="0" timestamp="2019-10-05T11:00:41 EDT" skipped="0">
  <testcase classname="com.Testcases.SignUpPageTest" name="signUpPageTitleTest" time="18.160"/>
  <testcase classname="com.Testcases.SignUpPageTest" name="clickCreateAccountTest" time="22.541"/>
  <testcase classname="com.Testcases.SignUpPageTest" name="clickCreateAccountTest" time="24.924"/>
  <testcase classname="com.Testcases.SignUpPageTest" name="clickCreateAccountTest" time="24.270"/>
</testsuite> <!-- com.Testcases.SignUpPageTest -->
