<?xml version="1.0" encoding="UTF-8"?>
<!-- Generated by org.testng.reporters.JUnitReportReporter -->
<testsuite hostname="DESKTOP-RE3TD97" failures="0" tests="2" name="com.Testcases.MyAccountPageTest" time="41.439" errors="0" timestamp="2019-10-05T11:00:41 EDT" skipped="0">
  <testcase classname="com.Testcases.MyAccountPageTest" name="MyAccountPageTitleTest" time="17.150"/>
  <testcase classname="com.Testcases.MyAccountPageTest" name="signInBtnClickTest" time="24.289"/>
</testsuite> <!-- com.Testcases.MyAccountPageTest -->
